<?xml version="1.0" encoding="UTF-8"?>
<!-- Generated by org.testng.reporters.JUnitReportReporter -->
<testsuite hostname="Prakash_Muthu" failures="0" tests="1" name="bdd.test.Runner" time="13.074" errors="0" timestamp="2023-04-23T08:26:01 IST" skipped="0">
  <testcase classname="bdd.test.Runner" name="runScenario" time="13.074"/>
  <system-out/>
</testsuite> <!-- bdd.test.Runner -->
