<?xml version="1.0" encoding="UTF-8"?>
<!-- Generated by org.testng.reporters.JUnitReportReporter -->
<testsuite hostname="Prakash_Muthu" failures="0" tests="3" name="testng.test" time="21.083" errors="0" timestamp="2023-04-27T10:52:11 IST" skipped="0">
  <testcase classname="testng.test" name="login" time="5.559"/>
  <system-out/>
  <testcase classname="testng.test" name="login" time="5.039"/>
  <system-out/>
  <testcase classname="testng.test" name="login" time="10.485"/>
  <system-out/>
</testsuite> <!-- testng.test -->
