<?xml version="1.0" encoding="UTF-8"?>
<!-- Generated by org.testng.reporters.JUnitReportReporter -->
<testsuite hostname="Prakash_Muthu" failures="0" tests="4" name="testng.test" time="21.750" errors="0" timestamp="2023-12-15T19:22:59 IST" skipped="0">
  <testcase classname="testng.test" name="login" time="4.527"/>
  <system-out/>
  <testcase classname="testng.test" name="login" time="6.397"/>
  <system-out/>
  <testcase classname="testng.test" name="login" time="5.135"/>
  <system-out/>
  <testcase classname="testng.test" name="login" time="5.691"/>
  <system-out/>
</testsuite> <!-- testng.test -->
